<?xml version="1.0" encoding="UTF-8"?>
<testng-results skipped="0" failed="0" total="1" passed="1">
  <reporter-output>
  </reporter-output>
  <suite name="Suite" duration-ms="39595" started-at="2018-11-01T07:27:52Z" finished-at="2018-11-01T07:28:31Z">
    <groups>
    </groups>
    <test name="Test" duration-ms="39595" started-at="2018-11-01T07:27:52Z" finished-at="2018-11-01T07:28:31Z">
      <class name="testScript.Testclasslogin">
        <test-method status="PASS" signature="setuppath()[pri:0, instance:testScript.Testclasslogin@feb3fa]" name="setuppath" is-config="true" duration-ms="5104" started-at="2018-11-01T12:57:47Z" finished-at="2018-11-01T12:57:52Z">
          <reporter-output>
          </reporter-output>
        </test-method> <!-- setuppath -->
        <test-method status="PASS" signature="openBrowser()[pri:0, instance:testScript.Testclasslogin@feb3fa]" name="openBrowser" is-config="true" duration-ms="18351" started-at="2018-11-01T12:57:52Z" finished-at="2018-11-01T12:58:10Z">
          <reporter-output>
          </reporter-output>
        </test-method> <!-- openBrowser -->
        <test-method status="PASS" signature="runloginpage()[pri:0, instance:testScript.Testclasslogin@feb3fa]" name="runloginpage" duration-ms="21190" started-at="2018-11-01T12:58:10Z" finished-at="2018-11-01T12:58:31Z">
          <reporter-output>
          </reporter-output>
        </test-method> <!-- runloginpage -->
      </class> <!-- testScript.Testclasslogin -->
    </test> <!-- Test -->
  </suite> <!-- Suite -->
</testng-results>
